<?xml version="1.0" encoding="UTF-8" ?>
<testsuite failures="0" time="0.368" errors="0" skipped="0" tests="7" name="br.ufpb.MavenAPS.AppTest">
  <properties>
[...]
</properties>
  <testcase time="0.042" classname="br.ufpb.MavenAPS.AppTest" name="somaValoresPosTest"/>
  <testcase time="0.001" classname="br.ufpb.MavenAPS.AppTest" name="somaSemReceberNenhumValorTest"/>
  <testcase time="0.001" classname="br.ufpb.MavenAPS.AppTest" name="receberUmValorESomaTest"/>
  <testcase time="0" classname="br.ufpb.MavenAPS.AppTest" name="receberValoresNegNoXTest"/>
  <testcase time="0.001" classname="br.ufpb.MavenAPS.AppTest" name="receberValoresNegNoYTest"/>
  <testcase time="0.001" classname="br.ufpb.MavenAPS.AppTest" name="setaUmValorDuasVezesNoXTest"/>
  <testcase time="0.001" classname="br.ufpb.MavenAPS.AppTest" name="setaUmValorDuasVezesNoYTest"/>
</testsuite>